<?xml version="1.0" encoding="UTF-8"?>
<!-- Generated by org.testng.reporters.JUnitReportReporter -->
<testsuite hostname="chandu" failures="0" tests="1" name="selenium28.NewTest28" time="0.015" errors="0" timestamp="2020-01-21T20:46:54 IST" skipped="0">
  <testcase classname="selenium28.NewTest28" name="f" time="0.015"/>
</testsuite> <!-- selenium28.NewTest28 -->
